<?xml version="1.0" encoding="UTF-8"?>
<!-- Generated by org.testng.reporters.JUnitReportReporter -->
<testsuite skipped="0" hostname="Nurul-Afriantis-MacBook-Pro.local" name="APITest" tests="2" failures="0" timestamp="2022-12-30T16:24:44 WIB" time="2.877" errors="0">
  <testcase name="test1" time="2.742" classname="APITest"/>
  <system-out/>
  <testcase name="test2" time="0.135" classname="APITest"/>
  <system-out/>
</testsuite> <!-- APITest -->
